INFO 2025-12-09 20:47:57,132 autoreload Watching for file changes with StatReloader
WARNING 2025-12-09 20:48:05,210 log Not Found: /
WARNING 2025-12-09 20:48:05,211 basehttp "GET / HTTP/1.1" 404 3939
WARNING 2025-12-09 20:48:06,973 log Not Found: /favicon.ico
WARNING 2025-12-09 20:48:06,974 basehttp "GET /favicon.ico HTTP/1.1" 404 3990
INFO 2025-12-09 20:48:14,011 basehttp "GET /admin/ HTTP/1.1" 302 0
INFO 2025-12-09 20:48:14,061 basehttp "GET /admin/login/?next=/admin/ HTTP/1.1" 200 4228
INFO 2025-12-09 20:48:14,303 basehttp "GET /static/admin/css/base.css HTTP/1.1" 200 21310
INFO 2025-12-09 20:48:14,307 basehttp "GET /static/admin/css/dark_mode.css HTTP/1.1" 200 2929
INFO 2025-12-09 20:48:14,310 basehttp "GET /static/admin/js/nav_sidebar.js HTTP/1.1" 200 3063
INFO 2025-12-09 20:48:14,315 basehttp "GET /static/admin/css/responsive.css HTTP/1.1" 200 18559
INFO 2025-12-09 20:48:14,321 basehttp "GET /static/admin/css/login.css HTTP/1.1" 200 958
INFO 2025-12-09 20:48:14,325 basehttp "GET /static/admin/css/nav_sidebar.css HTTP/1.1" 200 2694
INFO 2025-12-09 20:48:14,330 basehttp "GET /static/admin/js/theme.js HTTP/1.1" 200 1943
INFO 2025-12-09 20:48:22,981 basehttp "POST /admin/login/?next=/admin/ HTTP/1.1" 200 4431
INFO 2025-12-09 20:48:32,091 basehttp "POST /admin/login/?next=/admin/ HTTP/1.1" 302 0
INFO 2025-12-09 20:48:32,135 basehttp "GET /admin/ HTTP/1.1" 200 12390
INFO 2025-12-09 20:48:32,175 basehttp "GET /static/admin/css/dashboard.css HTTP/1.1" 200 441
INFO 2025-12-09 20:48:32,200 basehttp "GET /static/admin/img/icon-addlink.svg HTTP/1.1" 200 331
INFO 2025-12-09 20:48:32,200 basehttp "GET /static/admin/img/icon-changelink.svg HTTP/1.1" 200 380
INFO 2025-12-09 20:48:57,041 basehttp "GET /swagger/ HTTP/1.1" 200 2159
INFO 2025-12-09 20:48:57,100 basehttp "GET /static/drf-yasg/style.css HTTP/1.1" 200 1047
INFO 2025-12-09 20:48:57,101 basehttp "GET /static/drf-yasg/swagger-ui-init.js HTTP/1.1" 200 14964
INFO 2025-12-09 20:48:57,102 basehttp "GET /static/drf-yasg/immutable.min.js HTTP/1.1" 200 56904
INFO 2025-12-09 20:48:57,103 basehttp "GET /static/drf-yasg/swagger-ui-dist/swagger-ui.css HTTP/1.1" 200 145206
INFO 2025-12-09 20:48:57,108 basehttp "GET /static/drf-yasg/insQ.min.js HTTP/1.1" 200 2093
INFO 2025-12-09 20:48:57,109 basehttp "GET /static/drf-yasg/swagger-ui-dist/swagger-ui-standalone-preset.js HTTP/1.1" 200 322863
INFO 2025-12-09 20:48:57,119 basehttp "GET /static/drf-yasg/swagger-ui-dist/swagger-ui-bundle.js HTTP/1.1" 200 1046583
INFO 2025-12-09 20:48:57,383 basehttp "GET /static/drf-yasg/swagger-ui-dist/favicon-32x32.png HTTP/1.1" 200 628
INFO 2025-12-09 20:48:57,747 basehttp "GET /swagger/?format=openapi HTTP/1.1" 200 137007
INFO 2025-12-09 20:49:20,124 basehttp "GET /redoc/ HTTP/1.1" 200 929
INFO 2025-12-09 20:49:20,170 basehttp "GET /static/drf-yasg/redoc-init.js HTTP/1.1" 200 2566
INFO 2025-12-09 20:49:20,177 basehttp "GET /static/drf-yasg/redoc/redoc.min.js HTTP/1.1" 200 1042511
INFO 2025-12-09 20:49:20,606 basehttp "GET /redoc/?format=openapi HTTP/1.1" 200 137007
INFO 2025-12-09 20:49:20,607 basehttp "GET /static/drf-yasg/redoc/redoc-logo.png HTTP/1.1" 200 4969
INFO 2025-12-09 20:49:41,614 basehttp "GET /api/schema HTTP/1.1" 301 0
INFO 2025-12-09 20:49:42,009 basehttp "GET /api/schema/ HTTP/1.1" 200 162958
ERROR 2025-12-09 21:36:45,943 exceptions Exception occurred: NotAuthenticated - Las credenciales de autenticación no se proveyeron.
WARNING 2025-12-09 21:36:45,944 log Unauthorized: /api/events/
ERROR 2025-12-09 21:36:53,848 exceptions Exception occurred: NotAuthenticated - Las credenciales de autenticación no se proveyeron.
WARNING 2025-12-09 21:36:53,848 log Unauthorized: /api/tickets/purchase/
ERROR 2025-12-09 21:36:54,514 exceptions Exception occurred: NotAuthenticated - Las credenciales de autenticación no se proveyeron.
WARNING 2025-12-09 21:36:54,514 log Unauthorized: /api/discount-codes/verify/
ERROR 2025-12-09 21:38:11,397 exceptions Exception occurred: NotAuthenticated - Las credenciales de autenticación no se proveyeron.
WARNING 2025-12-09 21:38:11,398 log Unauthorized: /api/events/
ERROR 2025-12-09 21:38:19,426 exceptions Exception occurred: NotAuthenticated - Las credenciales de autenticación no se proveyeron.
WARNING 2025-12-09 21:38:19,426 log Unauthorized: /api/tickets/purchase/
ERROR 2025-12-09 21:38:20,064 exceptions Exception occurred: NotAuthenticated - Las credenciales de autenticación no se proveyeron.
WARNING 2025-12-09 21:38:20,065 log Unauthorized: /api/discount-codes/verify/
ERROR 2025-12-09 21:44:58,054 exceptions Exception occurred: NotAuthenticated - Las credenciales de autenticación no se proveyeron.
WARNING 2025-12-09 21:44:58,055 log Unauthorized: /api/events/
ERROR 2025-12-09 21:45:05,608 exceptions Exception occurred: NotAuthenticated - Las credenciales de autenticación no se proveyeron.
WARNING 2025-12-09 21:45:05,609 log Unauthorized: /api/tickets/purchase/
ERROR 2025-12-09 21:47:26,781 exceptions Exception occurred: NotAuthenticated - Las credenciales de autenticación no se proveyeron.
WARNING 2025-12-09 21:47:26,782 log Unauthorized: /api/events/
ERROR 2025-12-09 21:47:34,599 exceptions Exception occurred: NotAuthenticated - Las credenciales de autenticación no se proveyeron.
WARNING 2025-12-09 21:47:34,600 log Unauthorized: /api/tickets/purchase/
INFO 2025-12-09 22:08:39,242 autoreload Watching for file changes with StatReloader
WARNING 2025-12-09 22:08:42,806 log Not Found: /
WARNING 2025-12-09 22:08:42,807 basehttp "GET / HTTP/1.1" 404 4682
INFO 2025-12-09 22:08:49,049 basehttp "GET /admin/ HTTP/1.1" 200 15048
INFO 2025-12-09 22:08:49,459 basehttp "GET /static/admin/css/base.css HTTP/1.1" 200 22092
INFO 2025-12-09 22:08:49,491 basehttp "GET /static/admin/css/dark_mode.css HTTP/1.1" 200 2804
INFO 2025-12-09 22:08:49,495 basehttp "GET /static/admin/css/dashboard.css HTTP/1.1" 200 441
INFO 2025-12-09 22:08:49,506 basehttp "GET /static/admin/css/nav_sidebar.css HTTP/1.1" 200 2810
INFO 2025-12-09 22:08:49,511 basehttp "GET /static/admin/css/responsive.css HTTP/1.1" 200 17972
INFO 2025-12-09 22:08:49,515 basehttp "GET /static/admin/js/theme.js HTTP/1.1" 200 1653
INFO 2025-12-09 22:08:49,520 basehttp "GET /static/admin/js/nav_sidebar.js HTTP/1.1" 200 3063
INFO 2025-12-09 22:08:49,541 basehttp "GET /static/admin/img/icon-addlink.svg HTTP/1.1" 200 331
INFO 2025-12-09 22:08:49,541 basehttp "GET /static/admin/img/icon-changelink.svg HTTP/1.1" 200 380
INFO 2025-12-09 22:08:55,803 basehttp "GET /admin/auth/user/ HTTP/1.1" 200 18024
INFO 2025-12-09 22:08:55,856 basehttp "GET /static/admin/css/changelists.css HTTP/1.1" 200 6878
INFO 2025-12-09 22:08:55,856 basehttp "GET /static/admin/js/jquery.init.js HTTP/1.1" 200 347
INFO 2025-12-09 22:08:55,859 basehttp "GET /static/admin/js/admin/RelatedObjectLookups.js HTTP/1.1" 200 9097
INFO 2025-12-09 22:08:55,860 basehttp "GET /static/admin/js/core.js HTTP/1.1" 200 6208
INFO 2025-12-09 22:08:55,866 basehttp "GET /static/admin/js/actions.js HTTP/1.1" 200 8076
INFO 2025-12-09 22:08:55,866 basehttp "GET /static/admin/js/urlify.js HTTP/1.1" 200 7887
INFO 2025-12-09 22:08:55,873 basehttp "GET /static/admin/js/prepopulate.js HTTP/1.1" 200 1531
INFO 2025-12-09 22:08:55,877 basehttp "GET /static/admin/img/search.svg HTTP/1.1" 200 458
INFO 2025-12-09 22:08:55,878 basehttp "GET /static/admin/img/icon-yes.svg HTTP/1.1" 200 436
INFO 2025-12-09 22:08:55,880 basehttp "GET /static/admin/js/vendor/jquery/jquery.js HTTP/1.1" 200 285314
INFO 2025-12-09 22:08:55,885 basehttp "GET /static/admin/js/vendor/xregexp/xregexp.js HTTP/1.1" 200 325171
INFO 2025-12-09 22:08:55,891 basehttp "GET /admin/jsi18n/ HTTP/1.1" 200 9110
INFO 2025-12-09 22:08:55,925 basehttp "GET /static/admin/js/filters.js HTTP/1.1" 200 978
INFO 2025-12-09 22:08:56,009 basehttp "GET /static/admin/img/tooltag-add.svg HTTP/1.1" 200 331
INFO 2025-12-09 22:08:56,013 basehttp "GET /static/admin/img/sorting-icons.svg HTTP/1.1" 200 1097
INFO 2025-12-09 22:08:56,014 basehttp "GET /static/admin/img/icon-viewlink.svg HTTP/1.1" 200 581
INFO 2025-12-09 22:08:58,607 basehttp "GET /admin/ HTTP/1.1" 200 15048
INFO 2025-12-09 22:09:00,267 basehttp "GET /admin/events/event/ HTTP/1.1" 200 16657
INFO 2025-12-09 22:09:00,337 basehttp "GET /admin/jsi18n/ HTTP/1.1" 200 9110
INFO 2025-12-09 22:09:03,544 basehttp "GET /admin/events/event/add/ HTTP/1.1" 200 32528
INFO 2025-12-09 22:09:03,589 basehttp "GET /static/admin/css/forms.css HTTP/1.1" 200 8710
INFO 2025-12-09 22:09:03,590 basehttp "GET /static/admin/js/calendar.js HTTP/1.1" 200 9141
INFO 2025-12-09 22:09:03,591 basehttp "GET /static/admin/js/prepopulate_init.js HTTP/1.1" 200 586
INFO 2025-12-09 22:09:03,591 basehttp "GET /static/admin/js/admin/DateTimeShortcuts.js HTTP/1.1" 200 19319
INFO 2025-12-09 22:09:03,624 basehttp "GET /admin/jsi18n/ HTTP/1.1" 200 9110
INFO 2025-12-09 22:09:03,651 basehttp "GET /static/admin/css/widgets.css HTTP/1.1" 200 11564
INFO 2025-12-09 22:09:03,652 basehttp "GET /static/admin/img/icon-deletelink.svg HTTP/1.1" 200 392
INFO 2025-12-09 22:09:03,658 basehttp "GET /static/admin/js/change_form.js HTTP/1.1" 200 606
INFO 2025-12-09 22:09:03,873 basehttp "GET /static/admin/img/icon-calendar.svg HTTP/1.1" 200 1086
INFO 2025-12-09 22:09:03,876 basehttp "GET /static/admin/img/icon-clock.svg HTTP/1.1" 200 677
INFO 2025-12-09 22:09:08,155 basehttp "GET /admin/events/event/ HTTP/1.1" 200 16657
INFO 2025-12-09 22:09:09,197 basehttp "GET /admin/ HTTP/1.1" 200 15048
INFO 2025-12-09 22:10:00,801 basehttp "GET /api/tickets HTTP/1.1" 301 0
ERROR 2025-12-09 22:10:00,809 exceptions Exception occurred: NotAuthenticated - Las credenciales de autenticación no se proveyeron.
WARNING 2025-12-09 22:10:00,828 log Unauthorized: /api/tickets/
WARNING 2025-12-09 22:10:00,830 basehttp "GET /api/tickets/ HTTP/1.1" 401 5445
INFO 2025-12-09 22:10:00,872 basehttp "GET /static/rest_framework/css/bootstrap-tweaks.css HTTP/1.1" 200 3385
INFO 2025-12-09 22:10:00,873 basehttp "GET /static/rest_framework/css/bootstrap.min.css HTTP/1.1" 200 121457
INFO 2025-12-09 22:10:00,888 basehttp "GET /static/rest_framework/css/prettify.css HTTP/1.1" 200 817
INFO 2025-12-09 22:10:00,893 basehttp "GET /static/rest_framework/css/default.css HTTP/1.1" 200 1152
INFO 2025-12-09 22:10:00,895 basehttp "GET /static/rest_framework/js/jquery-3.5.1.min.js HTTP/1.1" 200 89476
INFO 2025-12-09 22:10:00,896 basehttp "GET /static/rest_framework/js/ajax-form.js HTTP/1.1" 200 3597
INFO 2025-12-09 22:10:00,901 basehttp "GET /static/rest_framework/js/default.js HTTP/1.1" 200 1268
INFO 2025-12-09 22:10:00,902 basehttp "GET /static/rest_framework/js/csrf.js HTTP/1.1" 200 1719
INFO 2025-12-09 22:10:00,903 basehttp "GET /static/rest_framework/js/bootstrap.min.js HTTP/1.1" 200 39680
INFO 2025-12-09 22:10:00,903 basehttp "GET /static/rest_framework/js/prettify-min.js HTTP/1.1" 200 13632
INFO 2025-12-09 22:10:00,988 basehttp "GET /static/rest_framework/img/grid.png HTTP/1.1" 200 1458
INFO 2025-12-09 22:10:21,031 basehttp "GET /api/auth/token HTTP/1.1" 301 0
ERROR 2025-12-09 22:10:21,036 exceptions Exception occurred: MethodNotAllowed - Método "GET" no permitido.
WARNING 2025-12-09 22:10:21,060 log Method Not Allowed: /api/auth/token/
WARNING 2025-12-09 22:10:21,061 basehttp "GET /api/auth/token/ HTTP/1.1" 405 7996
WARNING 2025-12-09 22:10:42,847 log Not Found: /api/healt/
WARNING 2025-12-09 22:10:42,848 basehttp "GET /api/healt/ HTTP/1.1" 404 63546
INFO 2025-12-09 22:10:56,952 basehttp "GET /api/health/ HTTP/1.1" 200 344
INFO 2025-12-09 22:11:11,414 basehttp "GET /health/ HTTP/1.1" 200 344
ERROR 2025-12-09 22:11:54,796 exceptions Exception occurred: NotAuthenticated - Las credenciales de autenticación no se proveyeron.
WARNING 2025-12-09 22:11:54,797 log Unauthorized: /api/events/
ERROR 2025-12-09 22:12:14,858 exceptions Exception occurred: NotAuthenticated - Las credenciales de autenticación no se proveyeron.
WARNING 2025-12-09 22:12:14,858 log Unauthorized: /api/tickets/purchase/
INFO 2025-12-09 22:19:14,780 autoreload Watching for file changes with StatReloader
WARNING 2025-12-09 22:19:20,164 log Not Found: /
WARNING 2025-12-09 22:19:20,166 basehttp "GET / HTTP/1.1" 404 4682
INFO 2025-12-09 22:19:27,746 basehttp "GET /admin/ HTTP/1.1" 200 15048
INFO 2025-12-09 22:19:27,808 basehttp "GET /static/admin/css/base.css HTTP/1.1" 304 0
INFO 2025-12-09 22:19:27,809 basehttp "GET /static/admin/css/dark_mode.css HTTP/1.1" 304 0
INFO 2025-12-09 22:19:27,809 basehttp "GET /static/admin/css/nav_sidebar.css HTTP/1.1" 304 0
INFO 2025-12-09 22:19:27,811 basehttp "GET /static/admin/css/responsive.css HTTP/1.1" 304 0
INFO 2025-12-09 22:19:27,814 basehttp "GET /static/admin/css/dashboard.css HTTP/1.1" 304 0
INFO 2025-12-09 22:19:27,815 basehttp "GET /static/admin/js/theme.js HTTP/1.1" 304 0
INFO 2025-12-09 22:19:27,861 basehttp "GET /static/admin/js/nav_sidebar.js HTTP/1.1" 304 0
INFO 2025-12-09 22:19:27,882 basehttp "GET /static/admin/img/icon-addlink.svg HTTP/1.1" 304 0
INFO 2025-12-09 22:19:27,882 basehttp "GET /static/admin/img/icon-changelink.svg HTTP/1.1" 304 0
INFO 2025-12-09 22:19:39,062 basehttp "GET /admin/auth/user/ HTTP/1.1" 200 18024
INFO 2025-12-09 22:19:39,123 basehttp "GET /static/admin/js/jquery.init.js HTTP/1.1" 304 0
INFO 2025-12-09 22:19:39,124 basehttp "GET /static/admin/css/changelists.css HTTP/1.1" 304 0
INFO 2025-12-09 22:19:39,127 basehttp "GET /static/admin/js/core.js HTTP/1.1" 304 0
INFO 2025-12-09 22:19:39,129 basehttp "GET /static/admin/js/vendor/jquery/jquery.js HTTP/1.1" 304 0
INFO 2025-12-09 22:19:39,137 basehttp "GET /static/admin/js/admin/RelatedObjectLookups.js HTTP/1.1" 304 0
INFO 2025-12-09 22:19:39,137 basehttp "GET /static/admin/js/prepopulate.js HTTP/1.1" 304 0
INFO 2025-12-09 22:19:39,138 basehttp "GET /static/admin/js/urlify.js HTTP/1.1" 304 0
INFO 2025-12-09 22:19:39,139 basehttp "GET /static/admin/js/actions.js HTTP/1.1" 304 0
INFO 2025-12-09 22:19:39,140 basehttp "GET /static/admin/js/vendor/xregexp/xregexp.js HTTP/1.1" 304 0
INFO 2025-12-09 22:19:39,149 basehttp "GET /static/admin/img/search.svg HTTP/1.1" 304 0
INFO 2025-12-09 22:19:39,151 basehttp "GET /static/admin/img/icon-yes.svg HTTP/1.1" 304 0
INFO 2025-12-09 22:19:39,185 basehttp "GET /admin/jsi18n/ HTTP/1.1" 200 9110
INFO 2025-12-09 22:19:39,239 basehttp "GET /static/admin/js/filters.js HTTP/1.1" 304 0
INFO 2025-12-09 22:19:39,279 basehttp "GET /static/admin/img/tooltag-add.svg HTTP/1.1" 304 0
INFO 2025-12-09 22:19:39,280 basehttp "GET /static/admin/img/sorting-icons.svg HTTP/1.1" 304 0
INFO 2025-12-09 22:19:39,288 basehttp "GET /static/admin/img/icon-viewlink.svg HTTP/1.1" 304 0
INFO 2025-12-09 22:19:44,110 basehttp "GET /admin/auth/group/ HTTP/1.1" 200 14335
INFO 2025-12-09 22:19:44,751 basehttp "GET /admin/jsi18n/ HTTP/1.1" 200 9110
INFO 2025-12-09 22:19:56,104 basehttp "GET /admin/auth/user/ HTTP/1.1" 200 18024
INFO 2025-12-09 22:19:56,200 basehttp "GET /admin/jsi18n/ HTTP/1.1" 200 9110
INFO 2025-12-09 22:20:03,788 basehttp "GET /admin/auth/user/add/ HTTP/1.1" 200 18728
INFO 2025-12-09 22:20:03,829 basehttp "GET /static/admin/css/forms.css HTTP/1.1" 304 0
INFO 2025-12-09 22:20:03,833 basehttp "GET /static/admin/js/prepopulate_init.js HTTP/1.1" 304 0
INFO 2025-12-09 22:20:03,870 basehttp "GET /admin/jsi18n/ HTTP/1.1" 200 9110
INFO 2025-12-09 22:20:03,925 basehttp "GET /static/admin/css/widgets.css HTTP/1.1" 304 0
INFO 2025-12-09 22:20:03,934 basehttp "GET /static/admin/js/change_form.js HTTP/1.1" 304 0
INFO 2025-12-09 22:20:04,113 basehttp "GET /static/admin/css/unusable_password_field.css HTTP/1.1" 200 663
INFO 2025-12-09 22:20:04,190 basehttp "GET /static/admin/js/unusable_password_field.js HTTP/1.1" 200 1480
INFO 2025-12-09 22:20:46,032 basehttp "POST /admin/auth/user/add/ HTTP/1.1" 200 19018
INFO 2025-12-09 22:20:46,215 basehttp "GET /admin/jsi18n/ HTTP/1.1" 200 9110
INFO 2025-12-09 22:21:08,212 basehttp "POST /admin/auth/user/add/ HTTP/1.1" 302 0
INFO 2025-12-09 22:21:08,423 basehttp "GET /admin/auth/user/2/change/ HTTP/1.1" 200 33560
INFO 2025-12-09 22:21:08,506 basehttp "GET /static/admin/js/calendar.js HTTP/1.1" 304 0
INFO 2025-12-09 22:21:08,508 basehttp "GET /static/admin/js/SelectBox.js HTTP/1.1" 200 4530
INFO 2025-12-09 22:21:08,508 basehttp "GET /static/admin/js/admin/DateTimeShortcuts.js HTTP/1.1" 304 0
INFO 2025-12-09 22:21:08,510 basehttp "GET /static/admin/js/SelectFilter2.js HTTP/1.1" 200 15502
INFO 2025-12-09 22:21:08,527 basehttp "GET /admin/jsi18n/ HTTP/1.1" 200 9110
INFO 2025-12-09 22:21:08,770 basehttp "GET /static/admin/img/icon-clock.svg HTTP/1.1" 304 0
INFO 2025-12-09 22:21:08,770 basehttp "GET /static/admin/img/icon-unknown.svg HTTP/1.1" 200 655
INFO 2025-12-09 22:21:08,771 basehttp "GET /static/admin/img/selector-icons.svg HTTP/1.1" 200 3291
INFO 2025-12-09 22:21:08,771 basehttp "GET /static/admin/img/icon-calendar.svg HTTP/1.1" 304 0
INFO 2025-12-09 22:21:08,772 basehttp "GET /static/admin/img/icon-unknown-alt.svg HTTP/1.1" 200 655
INFO 2025-12-09 22:22:07,409 basehttp "POST /admin/auth/user/2/change/ HTTP/1.1" 302 0
INFO 2025-12-09 22:22:07,462 basehttp "GET /admin/auth/user/ HTTP/1.1" 200 18702
INFO 2025-12-09 22:22:07,534 basehttp "GET /admin/jsi18n/ HTTP/1.1" 200 9110
INFO 2025-12-09 22:48:51,200 autoreload Watching for file changes with StatReloader
WARNING 2025-12-09 22:48:54,178 log Not Found: /
WARNING 2025-12-09 22:48:54,179 basehttp "GET / HTTP/1.1" 404 4682
WARNING 2025-12-09 22:48:59,990 log Not Found: /favicon.ico
WARNING 2025-12-09 22:48:59,992 basehttp "GET /favicon.ico HTTP/1.1" 404 4733
INFO 2025-12-09 22:49:02,390 basehttp "GET /health/ HTTP/1.1" 200 344
WARNING 2025-12-09 22:49:03,478 log Not Found: /favicon.ico
WARNING 2025-12-09 22:49:03,479 basehttp "GET /favicon.ico HTTP/1.1" 404 4733
WARNING 2025-12-10 06:43:23,513 log Not Found: /
WARNING 2025-12-10 06:43:23,521 basehttp "GET / HTTP/1.1" 404 4682
INFO 2025-12-10 06:43:35,911 basehttp "GET /admin/ HTTP/1.1" 200 15770
INFO 2025-12-10 06:43:35,959 basehttp "GET /static/admin/css/base.css HTTP/1.1" 304 0
INFO 2025-12-10 06:43:35,959 basehttp "GET /static/admin/css/dark_mode.css HTTP/1.1" 304 0
INFO 2025-12-10 06:43:35,959 basehttp "GET /static/admin/css/dashboard.css HTTP/1.1" 304 0
INFO 2025-12-10 06:43:35,962 basehttp "GET /static/admin/css/responsive.css HTTP/1.1" 304 0
INFO 2025-12-10 06:43:35,962 basehttp "GET /static/admin/js/theme.js HTTP/1.1" 304 0
INFO 2025-12-10 06:43:35,963 basehttp "GET /static/admin/css/nav_sidebar.css HTTP/1.1" 304 0
INFO 2025-12-10 06:43:35,981 basehttp "GET /static/admin/js/nav_sidebar.js HTTP/1.1" 304 0
INFO 2025-12-10 06:43:35,994 basehttp "GET /static/admin/img/icon-changelink.svg HTTP/1.1" 304 0
INFO 2025-12-10 06:43:35,995 basehttp "GET /static/admin/img/icon-addlink.svg HTTP/1.1" 304 0
INFO 2025-12-10 06:43:40,539 basehttp "GET /admin/auth/user/ HTTP/1.1" 200 18506
INFO 2025-12-10 06:43:40,575 basehttp "GET /static/admin/js/jquery.init.js HTTP/1.1" 304 0
INFO 2025-12-10 06:43:40,575 basehttp "GET /static/admin/css/changelists.css HTTP/1.1" 304 0
INFO 2025-12-10 06:43:40,575 basehttp "GET /static/admin/js/admin/RelatedObjectLookups.js HTTP/1.1" 304 0
INFO 2025-12-10 06:43:40,576 basehttp "GET /static/admin/js/vendor/jquery/jquery.js HTTP/1.1" 304 0
INFO 2025-12-10 06:43:40,579 basehttp "GET /static/admin/js/actions.js HTTP/1.1" 304 0
INFO 2025-12-10 06:43:40,579 basehttp "GET /static/admin/js/vendor/xregexp/xregexp.js HTTP/1.1" 304 0
INFO 2025-12-10 06:43:40,580 basehttp "GET /static/admin/js/urlify.js HTTP/1.1" 304 0
INFO 2025-12-10 06:43:40,580 basehttp "GET /static/admin/js/prepopulate.js HTTP/1.1" 304 0
INFO 2025-12-10 06:43:40,581 basehttp "GET /static/admin/js/core.js HTTP/1.1" 304 0
INFO 2025-12-10 06:43:40,588 basehttp "GET /static/admin/img/search.svg HTTP/1.1" 304 0
INFO 2025-12-10 06:43:40,588 basehttp "GET /static/admin/img/icon-yes.svg HTTP/1.1" 304 0
INFO 2025-12-10 06:43:40,619 basehttp "GET /static/admin/js/filters.js HTTP/1.1" 304 0
INFO 2025-12-10 06:43:40,620 basehttp "GET /admin/jsi18n/ HTTP/1.1" 200 9110
INFO 2025-12-10 06:43:40,648 basehttp "GET /static/admin/img/tooltag-add.svg HTTP/1.1" 304 0
INFO 2025-12-10 06:43:40,651 basehttp "GET /static/admin/img/sorting-icons.svg HTTP/1.1" 304 0
INFO 2025-12-10 06:43:40,655 basehttp "GET /static/admin/img/icon-viewlink.svg HTTP/1.1" 304 0
INFO 2025-12-10 07:11:50,951 basehttp "GET /admin/ HTTP/1.1" 200 15770
INFO 2025-12-10 07:36:03,048 autoreload Watching for file changes with StatReloader
INFO 2025-12-10 07:36:04,738 basehttp "OPTIONS /api/health/ HTTP/1.1" 200 0
INFO 2025-12-10 07:36:04,765 basehttp "GET /api/health/ HTTP/1.1" 200 344
INFO 2025-12-10 07:36:05,900 basehttp "OPTIONS /api/events/categories/ HTTP/1.1" 200 0
INFO 2025-12-10 07:36:05,942 basehttp "GET /api/events/categories/ HTTP/1.1" 200 1511
INFO 2025-12-10 07:36:05,967 basehttp "OPTIONS /api/events/events/?page=1&ordering=-start_date HTTP/1.1" 200 0
INFO 2025-12-10 07:36:06,044 basehttp "GET /api/events/events/?page=1&ordering=-start_date HTTP/1.1" 200 2515
WARNING 2025-12-10 07:36:13,971 log Not Found: /
WARNING 2025-12-10 07:36:13,975 basehttp "GET / HTTP/1.1" 404 4895
INFO 2025-12-10 07:36:19,863 basehttp "GET /admin/ HTTP/1.1" 200 15799
INFO 2025-12-10 07:36:33,157 basehttp "GET /admin/auth/user/ HTTP/1.1" 200 20444
INFO 2025-12-10 07:36:33,216 basehttp "GET /admin/jsi18n/ HTTP/1.1" 200 9110
INFO 2025-12-10 07:36:33,356 basehttp "GET /static/admin/img/icon-no.svg HTTP/1.1" 200 560
INFO 2025-12-10 07:36:58,633 basehttp "GET /admin/auth/user/?_facets=True HTTP/1.1" 200 21030
INFO 2025-12-10 07:36:58,666 basehttp "GET /static/admin/css/base.css HTTP/1.1" 304 0
INFO 2025-12-10 07:36:58,670 basehttp "GET /static/admin/css/dark_mode.css HTTP/1.1" 304 0
INFO 2025-12-10 07:36:58,671 basehttp "GET /static/admin/js/theme.js HTTP/1.1" 304 0
INFO 2025-12-10 07:36:58,672 basehttp "GET /static/admin/css/nav_sidebar.css HTTP/1.1" 304 0
INFO 2025-12-10 07:36:58,681 basehttp "GET /static/admin/css/changelists.css HTTP/1.1" 304 0
INFO 2025-12-10 07:36:58,682 basehttp "GET /static/admin/js/vendor/jquery/jquery.js HTTP/1.1" 304 0
INFO 2025-12-10 07:36:58,682 basehttp "GET /static/admin/css/responsive.css HTTP/1.1" 304 0
INFO 2025-12-10 07:36:58,682 basehttp "GET /static/admin/js/jquery.init.js HTTP/1.1" 304 0
INFO 2025-12-10 07:36:58,682 basehttp "GET /static/admin/js/core.js HTTP/1.1" 304 0
INFO 2025-12-10 07:36:58,687 basehttp "GET /static/admin/js/admin/RelatedObjectLookups.js HTTP/1.1" 304 0
INFO 2025-12-10 07:36:58,688 basehttp "GET /static/admin/js/actions.js HTTP/1.1" 304 0
INFO 2025-12-10 07:36:58,690 basehttp "GET /static/admin/js/urlify.js HTTP/1.1" 304 0
INFO 2025-12-10 07:36:58,695 basehttp "GET /static/admin/js/prepopulate.js HTTP/1.1" 304 0
INFO 2025-12-10 07:36:58,696 basehttp "GET /static/admin/js/vendor/xregexp/xregexp.js HTTP/1.1" 304 0
INFO 2025-12-10 07:36:58,700 basehttp "GET /static/admin/img/icon-yes.svg HTTP/1.1" 304 0
INFO 2025-12-10 07:36:58,700 basehttp "GET /static/admin/img/search.svg HTTP/1.1" 304 0
INFO 2025-12-10 07:36:58,708 basehttp "GET /admin/jsi18n/ HTTP/1.1" 200 9110
INFO 2025-12-10 07:36:58,749 basehttp "GET /static/admin/js/filters.js HTTP/1.1" 304 0
INFO 2025-12-10 07:36:58,750 basehttp "GET /static/admin/js/nav_sidebar.js HTTP/1.1" 304 0
INFO 2025-12-10 07:36:58,775 basehttp "GET /static/admin/img/icon-hidelink.svg HTTP/1.1" 200 784
INFO 2025-12-10 07:37:03,931 basehttp "GET /admin/auth/group/ HTTP/1.1" 200 14356
INFO 2025-12-10 07:37:03,970 basehttp "GET /admin/jsi18n/ HTTP/1.1" 200 9110
ERROR 2025-12-10 07:37:06,867 log Internal Server Error: /admin/events/event/
Traceback (most recent call last):
  File "C:\Users\aslhy\OneDrive\Escritorio\Documentos\BACK-END\3ER TRIMESTRE\EVENTHUB1\venv\Lib\site-packages\django\core\handlers\exception.py", line 55, in inner
    response = get_response(request)
  File "C:\Users\aslhy\OneDrive\Escritorio\Documentos\BACK-END\3ER TRIMESTRE\EVENTHUB1\venv\Lib\site-packages\django\core\handlers\base.py", line 220, in _get_response
    response = response.render()
  File "C:\Users\aslhy\OneDrive\Escritorio\Documentos\BACK-END\3ER TRIMESTRE\EVENTHUB1\venv\Lib\site-packages\django\template\response.py", line 114, in render
    self.content = self.rendered_content
                   ^^^^^^^^^^^^^^^^^^^^^
  File "C:\Users\aslhy\OneDrive\Escritorio\Documentos\BACK-END\3ER TRIMESTRE\EVENTHUB1\venv\Lib\site-packages\django\template\response.py", line 92, in rendered_content
    return template.render(context, self._request)
           ~~~~~~~~~~~~~~~^^^^^^^^^^^^^^^^^^^^^^^^
  File "C:\Users\aslhy\OneDrive\Escritorio\Documentos\BACK-END\3ER TRIMESTRE\EVENTHUB1\venv\Lib\site-packages\django\template\backends\django.py", line 107, in render
    return self.template.render(context)
           ~~~~~~~~~~~~~~~~~~~~^^^^^^^^^
  File "C:\Users\aslhy\OneDrive\Escritorio\Documentos\BACK-END\3ER TRIMESTRE\EVENTHUB1\venv\Lib\site-packages\django\template\base.py", line 171, in render
    return self._render(context)
           ~~~~~~~~~~~~^^^^^^^^^
  File "C:\Users\aslhy\OneDrive\Escritorio\Documentos\BACK-END\3ER TRIMESTRE\EVENTHUB1\venv\Lib\site-packages\django\template\base.py", line 163, in _render
    return self.nodelist.render(context)
           ~~~~~~~~~~~~~~~~~~~~^^^^^^^^^
  File "C:\Users\aslhy\OneDrive\Escritorio\Documentos\BACK-END\3ER TRIMESTRE\EVENTHUB1\venv\Lib\site-packages\django\template\base.py", line 1008, in render
    return SafeString("".join([node.render_annotated(context) for node in self]))
                               ~~~~~~~~~~~~~~~~~~~~~^^^^^^^^^
  File "C:\Users\aslhy\OneDrive\Escritorio\Documentos\BACK-END\3ER TRIMESTRE\EVENTHUB1\venv\Lib\site-packages\django\template\base.py", line 969, in render_annotated
    return self.render(context)
           ~~~~~~~~~~~^^^^^^^^^
  File "C:\Users\aslhy\OneDrive\Escritorio\Documentos\BACK-END\3ER TRIMESTRE\EVENTHUB1\venv\Lib\site-packages\django\template\loader_tags.py", line 159, in render
    return compiled_parent._render(context)
           ~~~~~~~~~~~~~~~~~~~~~~~^^^^^^^^^
  File "C:\Users\aslhy\OneDrive\Escritorio\Documentos\BACK-END\3ER TRIMESTRE\EVENTHUB1\venv\Lib\site-packages\django\template\base.py", line 163, in _render
    return self.nodelist.render(context)
           ~~~~~~~~~~~~~~~~~~~~^^^^^^^^^
  File "C:\Users\aslhy\OneDrive\Escritorio\Documentos\BACK-END\3ER TRIMESTRE\EVENTHUB1\venv\Lib\site-packages\django\template\base.py", line 1008, in render
    return SafeString("".join([node.render_annotated(context) for node in self]))
                               ~~~~~~~~~~~~~~~~~~~~~^^^^^^^^^
  File "C:\Users\aslhy\OneDrive\Escritorio\Documentos\BACK-END\3ER TRIMESTRE\EVENTHUB1\venv\Lib\site-packages\django\template\base.py", line 969, in render_annotated
    return self.render(context)
           ~~~~~~~~~~~^^^^^^^^^
  File "C:\Users\aslhy\OneDrive\Escritorio\Documentos\BACK-END\3ER TRIMESTRE\EVENTHUB1\venv\Lib\site-packages\django\template\loader_tags.py", line 159, in render
    return compiled_parent._render(context)
           ~~~~~~~~~~~~~~~~~~~~~~~^^^^^^^^^
  File "C:\Users\aslhy\OneDrive\Escritorio\Documentos\BACK-END\3ER TRIMESTRE\EVENTHUB1\venv\Lib\site-packages\django\template\base.py", line 163, in _render
    return self.nodelist.render(context)
           ~~~~~~~~~~~~~~~~~~~~^^^^^^^^^
  File "C:\Users\aslhy\OneDrive\Escritorio\Documentos\BACK-END\3ER TRIMESTRE\EVENTHUB1\venv\Lib\site-packages\django\template\base.py", line 1008, in render
    return SafeString("".join([node.render_annotated(context) for node in self]))
                               ~~~~~~~~~~~~~~~~~~~~~^^^^^^^^^
  File "C:\Users\aslhy\OneDrive\Escritorio\Documentos\BACK-END\3ER TRIMESTRE\EVENTHUB1\venv\Lib\site-packages\django\template\base.py", line 969, in render_annotated
    return self.render(context)
           ~~~~~~~~~~~^^^^^^^^^
  File "C:\Users\aslhy\OneDrive\Escritorio\Documentos\BACK-END\3ER TRIMESTRE\EVENTHUB1\venv\Lib\site-packages\django\template\loader_tags.py", line 65, in render
    result = block.nodelist.render(context)
  File "C:\Users\aslhy\OneDrive\Escritorio\Documentos\BACK-END\3ER TRIMESTRE\EVENTHUB1\venv\Lib\site-packages\django\template\base.py", line 1008, in render
    return SafeString("".join([node.render_annotated(context) for node in self]))
                               ~~~~~~~~~~~~~~~~~~~~~^^^^^^^^^
  File "C:\Users\aslhy\OneDrive\Escritorio\Documentos\BACK-END\3ER TRIMESTRE\EVENTHUB1\venv\Lib\site-packages\django\template\base.py", line 969, in render_annotated
    return self.render(context)
           ~~~~~~~~~~~^^^^^^^^^
  File "C:\Users\aslhy\OneDrive\Escritorio\Documentos\BACK-END\3ER TRIMESTRE\EVENTHUB1\venv\Lib\site-packages\django\template\loader_tags.py", line 65, in render
    result = block.nodelist.render(context)
  File "C:\Users\aslhy\OneDrive\Escritorio\Documentos\BACK-END\3ER TRIMESTRE\EVENTHUB1\venv\Lib\site-packages\django\template\base.py", line 1008, in render
    return SafeString("".join([node.render_annotated(context) for node in self]))
                               ~~~~~~~~~~~~~~~~~~~~~^^^^^^^^^
  File "C:\Users\aslhy\OneDrive\Escritorio\Documentos\BACK-END\3ER TRIMESTRE\EVENTHUB1\venv\Lib\site-packages\django\template\base.py", line 969, in render_annotated
    return self.render(context)
           ~~~~~~~~~~~^^^^^^^^^
  File "C:\Users\aslhy\OneDrive\Escritorio\Documentos\BACK-END\3ER TRIMESTRE\EVENTHUB1\venv\Lib\site-packages\django\template\defaulttags.py", line 327, in render
    return nodelist.render(context)
           ~~~~~~~~~~~~~~~^^^^^^^^^
  File "C:\Users\aslhy\OneDrive\Escritorio\Documentos\BACK-END\3ER TRIMESTRE\EVENTHUB1\venv\Lib\site-packages\django\template\base.py", line 1008, in render
    return SafeString("".join([node.render_annotated(context) for node in self]))
                               ~~~~~~~~~~~~~~~~~~~~~^^^^^^^^^
  File "C:\Users\aslhy\OneDrive\Escritorio\Documentos\BACK-END\3ER TRIMESTRE\EVENTHUB1\venv\Lib\site-packages\django\template\base.py", line 969, in render_annotated
    return self.render(context)
           ~~~~~~~~~~~^^^^^^^^^
  File "C:\Users\aslhy\OneDrive\Escritorio\Documentos\BACK-END\3ER TRIMESTRE\EVENTHUB1\venv\Lib\site-packages\django\contrib\admin\templatetags\base.py", line 45, in render
    return super().render(context)
           ~~~~~~~~~~~~~~^^^^^^^^^
  File "C:\Users\aslhy\OneDrive\Escritorio\Documentos\BACK-END\3ER TRIMESTRE\EVENTHUB1\venv\Lib\site-packages\django\template\library.py", line 258, in render
    _dict = self.func(*resolved_args, **resolved_kwargs)
  File "C:\Users\aslhy\OneDrive\Escritorio\Documentos\BACK-END\3ER TRIMESTRE\EVENTHUB1\venv\Lib\site-packages\django\contrib\admin\templatetags\admin_list.py", line 447, in date_hierarchy
    for month in months
                 ^^^^^^
  File "C:\Users\aslhy\OneDrive\Escritorio\Documentos\BACK-END\3ER TRIMESTRE\EVENTHUB1\venv\Lib\site-packages\django\db\models\query.py", line 400, in __iter__
    self._fetch_all()
    ~~~~~~~~~~~~~~~^^
  File "C:\Users\aslhy\OneDrive\Escritorio\Documentos\BACK-END\3ER TRIMESTRE\EVENTHUB1\venv\Lib\site-packages\django\db\models\query.py", line 1928, in _fetch_all
    self._result_cache = list(self._iterable_class(self))
                         ~~~~^^^^^^^^^^^^^^^^^^^^^^^^^^^^
  File "C:\Users\aslhy\OneDrive\Escritorio\Documentos\BACK-END\3ER TRIMESTRE\EVENTHUB1\venv\Lib\site-packages\django\db\models\query.py", line 287, in __iter__
    for row in compiler.results_iter(
               ~~~~~~~~~~~~~~~~~~~~~^
        chunked_fetch=self.chunked_fetch, chunk_size=self.chunk_size
        ^^^^^^^^^^^^^^^^^^^^^^^^^^^^^^^^^^^^^^^^^^^^^^^^^^^^^^^^^^^^
    ):
    ^
  File "C:\Users\aslhy\OneDrive\Escritorio\Documentos\BACK-END\3ER TRIMESTRE\EVENTHUB1\venv\Lib\site-packages\django\db\models\sql\compiler.py", line 1512, in apply_converters
    value = converter(value, expression, connection)
  File "C:\Users\aslhy\OneDrive\Escritorio\Documentos\BACK-END\3ER TRIMESTRE\EVENTHUB1\venv\Lib\site-packages\django\db\models\functions\datetime.py", line 353, in convert_value
    raise ValueError(
    ...<2 lines>...
    )
ValueError: Database returned an invalid datetime value. Are time zone definitions for your database installed?
ERROR 2025-12-10 07:37:06,881 basehttp "GET /admin/events/event/ HTTP/1.1" 500 418079
INFO 2025-12-10 07:37:13,427 basehttp "GET /admin/auth/group/ HTTP/1.1" 200 14356
ERROR 2025-12-10 07:39:19,825 log Internal Server Error: /admin/events/event/
Traceback (most recent call last):
  File "C:\Users\aslhy\OneDrive\Escritorio\Documentos\BACK-END\3ER TRIMESTRE\EVENTHUB1\venv\Lib\site-packages\django\core\handlers\exception.py", line 55, in inner
    response = get_response(request)
  File "C:\Users\aslhy\OneDrive\Escritorio\Documentos\BACK-END\3ER TRIMESTRE\EVENTHUB1\venv\Lib\site-packages\django\core\handlers\base.py", line 220, in _get_response
    response = response.render()
  File "C:\Users\aslhy\OneDrive\Escritorio\Documentos\BACK-END\3ER TRIMESTRE\EVENTHUB1\venv\Lib\site-packages\django\template\response.py", line 114, in render
    self.content = self.rendered_content
                   ^^^^^^^^^^^^^^^^^^^^^
  File "C:\Users\aslhy\OneDrive\Escritorio\Documentos\BACK-END\3ER TRIMESTRE\EVENTHUB1\venv\Lib\site-packages\django\template\response.py", line 92, in rendered_content
    return template.render(context, self._request)
           ~~~~~~~~~~~~~~~^^^^^^^^^^^^^^^^^^^^^^^^
  File "C:\Users\aslhy\OneDrive\Escritorio\Documentos\BACK-END\3ER TRIMESTRE\EVENTHUB1\venv\Lib\site-packages\django\template\backends\django.py", line 107, in render
    return self.template.render(context)
           ~~~~~~~~~~~~~~~~~~~~^^^^^^^^^
  File "C:\Users\aslhy\OneDrive\Escritorio\Documentos\BACK-END\3ER TRIMESTRE\EVENTHUB1\venv\Lib\site-packages\django\template\base.py", line 171, in render
    return self._render(context)
           ~~~~~~~~~~~~^^^^^^^^^
  File "C:\Users\aslhy\OneDrive\Escritorio\Documentos\BACK-END\3ER TRIMESTRE\EVENTHUB1\venv\Lib\site-packages\django\template\base.py", line 163, in _render
    return self.nodelist.render(context)
           ~~~~~~~~~~~~~~~~~~~~^^^^^^^^^
  File "C:\Users\aslhy\OneDrive\Escritorio\Documentos\BACK-END\3ER TRIMESTRE\EVENTHUB1\venv\Lib\site-packages\django\template\base.py", line 1008, in render
    return SafeString("".join([node.render_annotated(context) for node in self]))
                               ~~~~~~~~~~~~~~~~~~~~~^^^^^^^^^
  File "C:\Users\aslhy\OneDrive\Escritorio\Documentos\BACK-END\3ER TRIMESTRE\EVENTHUB1\venv\Lib\site-packages\django\template\base.py", line 969, in render_annotated
    return self.render(context)
           ~~~~~~~~~~~^^^^^^^^^
  File "C:\Users\aslhy\OneDrive\Escritorio\Documentos\BACK-END\3ER TRIMESTRE\EVENTHUB1\venv\Lib\site-packages\django\template\loader_tags.py", line 159, in render
    return compiled_parent._render(context)
           ~~~~~~~~~~~~~~~~~~~~~~~^^^^^^^^^
  File "C:\Users\aslhy\OneDrive\Escritorio\Documentos\BACK-END\3ER TRIMESTRE\EVENTHUB1\venv\Lib\site-packages\django\template\base.py", line 163, in _render
    return self.nodelist.render(context)
           ~~~~~~~~~~~~~~~~~~~~^^^^^^^^^
  File "C:\Users\aslhy\OneDrive\Escritorio\Documentos\BACK-END\3ER TRIMESTRE\EVENTHUB1\venv\Lib\site-packages\django\template\base.py", line 1008, in render
    return SafeString("".join([node.render_annotated(context) for node in self]))
                               ~~~~~~~~~~~~~~~~~~~~~^^^^^^^^^
  File "C:\Users\aslhy\OneDrive\Escritorio\Documentos\BACK-END\3ER TRIMESTRE\EVENTHUB1\venv\Lib\site-packages\django\template\base.py", line 969, in render_annotated
    return self.render(context)
           ~~~~~~~~~~~^^^^^^^^^
  File "C:\Users\aslhy\OneDrive\Escritorio\Documentos\BACK-END\3ER TRIMESTRE\EVENTHUB1\venv\Lib\site-packages\django\template\loader_tags.py", line 159, in render
    return compiled_parent._render(context)
           ~~~~~~~~~~~~~~~~~~~~~~~^^^^^^^^^
  File "C:\Users\aslhy\OneDrive\Escritorio\Documentos\BACK-END\3ER TRIMESTRE\EVENTHUB1\venv\Lib\site-packages\django\template\base.py", line 163, in _render
    return self.nodelist.render(context)
           ~~~~~~~~~~~~~~~~~~~~^^^^^^^^^
  File "C:\Users\aslhy\OneDrive\Escritorio\Documentos\BACK-END\3ER TRIMESTRE\EVENTHUB1\venv\Lib\site-packages\django\template\base.py", line 1008, in render
    return SafeString("".join([node.render_annotated(context) for node in self]))
                               ~~~~~~~~~~~~~~~~~~~~~^^^^^^^^^
  File "C:\Users\aslhy\OneDrive\Escritorio\Documentos\BACK-END\3ER TRIMESTRE\EVENTHUB1\venv\Lib\site-packages\django\template\base.py", line 969, in render_annotated
    return self.render(context)
           ~~~~~~~~~~~^^^^^^^^^
  File "C:\Users\aslhy\OneDrive\Escritorio\Documentos\BACK-END\3ER TRIMESTRE\EVENTHUB1\venv\Lib\site-packages\django\template\loader_tags.py", line 65, in render
    result = block.nodelist.render(context)
  File "C:\Users\aslhy\OneDrive\Escritorio\Documentos\BACK-END\3ER TRIMESTRE\EVENTHUB1\venv\Lib\site-packages\django\template\base.py", line 1008, in render
    return SafeString("".join([node.render_annotated(context) for node in self]))
                               ~~~~~~~~~~~~~~~~~~~~~^^^^^^^^^
  File "C:\Users\aslhy\OneDrive\Escritorio\Documentos\BACK-END\3ER TRIMESTRE\EVENTHUB1\venv\Lib\site-packages\django\template\base.py", line 969, in render_annotated
    return self.render(context)
           ~~~~~~~~~~~^^^^^^^^^
  File "C:\Users\aslhy\OneDrive\Escritorio\Documentos\BACK-END\3ER TRIMESTRE\EVENTHUB1\venv\Lib\site-packages\django\template\loader_tags.py", line 65, in render
    result = block.nodelist.render(context)
  File "C:\Users\aslhy\OneDrive\Escritorio\Documentos\BACK-END\3ER TRIMESTRE\EVENTHUB1\venv\Lib\site-packages\django\template\base.py", line 1008, in render
    return SafeString("".join([node.render_annotated(context) for node in self]))
                               ~~~~~~~~~~~~~~~~~~~~~^^^^^^^^^
  File "C:\Users\aslhy\OneDrive\Escritorio\Documentos\BACK-END\3ER TRIMESTRE\EVENTHUB1\venv\Lib\site-packages\django\template\base.py", line 969, in render_annotated
    return self.render(context)
           ~~~~~~~~~~~^^^^^^^^^
  File "C:\Users\aslhy\OneDrive\Escritorio\Documentos\BACK-END\3ER TRIMESTRE\EVENTHUB1\venv\Lib\site-packages\django\template\defaulttags.py", line 327, in render
    return nodelist.render(context)
           ~~~~~~~~~~~~~~~^^^^^^^^^
  File "C:\Users\aslhy\OneDrive\Escritorio\Documentos\BACK-END\3ER TRIMESTRE\EVENTHUB1\venv\Lib\site-packages\django\template\base.py", line 1008, in render
    return SafeString("".join([node.render_annotated(context) for node in self]))
                               ~~~~~~~~~~~~~~~~~~~~~^^^^^^^^^
  File "C:\Users\aslhy\OneDrive\Escritorio\Documentos\BACK-END\3ER TRIMESTRE\EVENTHUB1\venv\Lib\site-packages\django\template\base.py", line 969, in render_annotated
    return self.render(context)
           ~~~~~~~~~~~^^^^^^^^^
  File "C:\Users\aslhy\OneDrive\Escritorio\Documentos\BACK-END\3ER TRIMESTRE\EVENTHUB1\venv\Lib\site-packages\django\contrib\admin\templatetags\base.py", line 45, in render
    return super().render(context)
           ~~~~~~~~~~~~~~^^^^^^^^^
  File "C:\Users\aslhy\OneDrive\Escritorio\Documentos\BACK-END\3ER TRIMESTRE\EVENTHUB1\venv\Lib\site-packages\django\template\library.py", line 258, in render
    _dict = self.func(*resolved_args, **resolved_kwargs)
  File "C:\Users\aslhy\OneDrive\Escritorio\Documentos\BACK-END\3ER TRIMESTRE\EVENTHUB1\venv\Lib\site-packages\django\contrib\admin\templatetags\admin_list.py", line 447, in date_hierarchy
    for month in months
                 ^^^^^^
  File "C:\Users\aslhy\OneDrive\Escritorio\Documentos\BACK-END\3ER TRIMESTRE\EVENTHUB1\venv\Lib\site-packages\django\db\models\query.py", line 400, in __iter__
    self._fetch_all()
    ~~~~~~~~~~~~~~~^^
  File "C:\Users\aslhy\OneDrive\Escritorio\Documentos\BACK-END\3ER TRIMESTRE\EVENTHUB1\venv\Lib\site-packages\django\db\models\query.py", line 1928, in _fetch_all
    self._result_cache = list(self._iterable_class(self))
                         ~~~~^^^^^^^^^^^^^^^^^^^^^^^^^^^^
  File "C:\Users\aslhy\OneDrive\Escritorio\Documentos\BACK-END\3ER TRIMESTRE\EVENTHUB1\venv\Lib\site-packages\django\db\models\query.py", line 287, in __iter__
    for row in compiler.results_iter(
               ~~~~~~~~~~~~~~~~~~~~~^
        chunked_fetch=self.chunked_fetch, chunk_size=self.chunk_size
        ^^^^^^^^^^^^^^^^^^^^^^^^^^^^^^^^^^^^^^^^^^^^^^^^^^^^^^^^^^^^
    ):
    ^
  File "C:\Users\aslhy\OneDrive\Escritorio\Documentos\BACK-END\3ER TRIMESTRE\EVENTHUB1\venv\Lib\site-packages\django\db\models\sql\compiler.py", line 1512, in apply_converters
    value = converter(value, expression, connection)
  File "C:\Users\aslhy\OneDrive\Escritorio\Documentos\BACK-END\3ER TRIMESTRE\EVENTHUB1\venv\Lib\site-packages\django\db\models\functions\datetime.py", line 353, in convert_value
    raise ValueError(
    ...<2 lines>...
    )
ValueError: Database returned an invalid datetime value. Are time zone definitions for your database installed?
ERROR 2025-12-10 07:39:19,833 basehttp "GET /admin/events/event/ HTTP/1.1" 500 418079
INFO 2025-12-10 07:39:22,939 basehttp "GET /admin/auth/group/ HTTP/1.1" 200 14356
